This is pdfTeX, Version 3.14159265-2.6-1.40.20 (MiKTeX 2.9.7140 64-bit) (preloaded format=pdflatex 2019.9.10)  27 APR 2020 14:32
entering extended mode
**d:/COMP140/Docs/Report/report.tex
(d:/COMP140/Docs/Report/report.tex
LaTeX2e <2018-12-01>
(D:\Programs\LaTeX\tex/latex/base\article.cls
Document Class: article 2018/09/03 v1.4i Standard LaTeX document class
(D:\Programs\LaTeX\tex/latex/base\size12.clo
File: size12.clo 2018/09/03 v1.4i Standard LaTeX file (size option)
)
\c@part=\count80
\c@section=\count81
\c@subsection=\count82
\c@subsubsection=\count83
\c@paragraph=\count84
\c@subparagraph=\count85
\c@figure=\count86
\c@table=\count87
\abovecaptionskip=\skip41
\belowcaptionskip=\skip42
\bibindent=\dimen102
) (D:\Programs\LaTeX\tex/latex/graphics\graphicx.sty
Package: graphicx 2017/06/01 v1.1a Enhanced LaTeX Graphics (DPC,SPQR)
 (D:\Programs\LaTeX\tex/latex/graphics\keyval.sty
Package: keyval 2014/10/28 v1.15 key=value parser (DPC)
\KV@toks@=\toks14
) (D:\Programs\LaTeX\tex/latex/graphics\graphics.sty
Package: graphics 2017/06/25 v1.2c Standard LaTeX Graphics (DPC,SPQR)
 (D:\Programs\LaTeX\tex/latex/graphics\trig.sty
Package: trig 2016/01/03 v1.10 sin cos tan (DPC)
) (D:\Programs\LaTeX\tex/latex/graphics-cfg\graphics.cfg
File: graphics.cfg 2016/06/04 v1.11 sample graphics configuration
)
Package graphics Info: Driver file: pdftex.def on input line 99.
 (D:\Programs\LaTeX\tex/latex/graphics-def\pdftex.def
File: pdftex.def 2018/01/08 v1.0l Graphics/color driver for pdftex
))
\Gin@req@height=\dimen103
\Gin@req@width=\dimen104
) (D:\Programs\LaTeX\tex/latex/geometry\geometry.sty
Package: geometry 2018/04/16 v5.8 Page Geometry
 (D:\Programs\LaTeX\tex/generic/oberdiek\ifpdf.sty
Package: ifpdf 2018/09/07 v3.3 Provides the ifpdf switch
) (D:\Programs\LaTeX\tex/generic/oberdiek\ifvtex.sty
Package: ifvtex 2016/05/16 v1.6 Detect VTeX and its facilities (HO)
Package ifvtex Info: VTeX not detected.
) (D:\Programs\LaTeX\tex/generic/ifxetex\ifxetex.sty
Package: ifxetex 2010/09/12 v0.6 Provides ifxetex conditional
)
\Gm@cnth=\count88
\Gm@cntv=\count89
\c@Gm@tempcnt=\count90
\Gm@bindingoffset=\dimen105
\Gm@wd@mp=\dimen106
\Gm@odd@mp=\dimen107
\Gm@even@mp=\dimen108
\Gm@layoutwidth=\dimen109
\Gm@layoutheight=\dimen110
\Gm@layouthoffset=\dimen111
\Gm@layoutvoffset=\dimen112
\Gm@dimlist=\toks15
 (D:\Programs\LaTeX\tex/latex/geometry\geometry.cfg)) (D:\Programs\LaTeX\tex/latex/placeins\placeins.sty
Package: placeins 2005/04/18  v 2.2
) (d:/COMP140\Docs\Report\report.aux)
\openout1 = `report.aux'.

LaTeX Font Info:    Checking defaults for OML/cmm/m/it on input line 14.
LaTeX Font Info:    ... okay on input line 14.
LaTeX Font Info:    Checking defaults for T1/cmr/m/n on input line 14.
LaTeX Font Info:    ... okay on input line 14.
LaTeX Font Info:    Checking defaults for OT1/cmr/m/n on input line 14.
LaTeX Font Info:    ... okay on input line 14.
LaTeX Font Info:    Checking defaults for OMS/cmsy/m/n on input line 14.
LaTeX Font Info:    ... okay on input line 14.
LaTeX Font Info:    Checking defaults for OMX/cmex/m/n on input line 14.
LaTeX Font Info:    ... okay on input line 14.
LaTeX Font Info:    Checking defaults for U/cmr/m/n on input line 14.
LaTeX Font Info:    ... okay on input line 14.
 (D:\Programs\LaTeX\tex/context/base/mkii\supp-pdf.mkii
[Loading MPS to PDF converter (version 2006.09.02).]
\scratchcounter=\count91
\scratchdimen=\dimen113
\scratchbox=\box27
\nofMPsegments=\count92
\nofMParguments=\count93
\everyMPshowfont=\toks16
\MPscratchCnt=\count94
\MPscratchDim=\dimen114
\MPnumerator=\count95
\makeMPintoPDFobject=\count96
\everyMPtoPDFconversion=\toks17
) (D:\Programs\LaTeX\tex/latex/oberdiek\epstopdf-base.sty
Package: epstopdf-base 2016/05/15 v2.6 Base part for package epstopdf
 (D:\Programs\LaTeX\tex/generic/oberdiek\infwarerr.sty
Package: infwarerr 2016/05/16 v1.4 Providing info/warning/error messages (HO)
) (D:\Programs\LaTeX\tex/latex/oberdiek\grfext.sty
Package: grfext 2016/05/16 v1.2 Manage graphics extensions (HO)
 (D:\Programs\LaTeX\tex/generic/oberdiek\kvdefinekeys.sty
Package: kvdefinekeys 2016/05/16 v1.4 Define keys (HO)
 (D:\Programs\LaTeX\tex/generic/oberdiek\ltxcmds.sty
Package: ltxcmds 2016/05/16 v1.23 LaTeX kernel commands for general use (HO)
))) (D:\Programs\LaTeX\tex/latex/oberdiek\kvoptions.sty
Package: kvoptions 2016/05/16 v3.12 Key value format for package options (HO)
 (D:\Programs\LaTeX\tex/generic/oberdiek\kvsetkeys.sty
Package: kvsetkeys 2016/05/16 v1.17 Key value parser (HO)
 (D:\Programs\LaTeX\tex/generic/oberdiek\etexcmds.sty
Package: etexcmds 2016/05/16 v1.6 Avoid name clashes with e-TeX commands (HO)
 (D:\Programs\LaTeX\tex/generic/oberdiek\ifluatex.sty
Package: ifluatex 2016/05/16 v1.4 Provides the ifluatex switch (HO)
Package ifluatex Info: LuaTeX not detected.
)))) (D:\Programs\LaTeX\tex/generic/oberdiek\pdftexcmds.sty
Package: pdftexcmds 2019/07/25 v0.30 Utility functions of pdfTeX for LuaTeX (HO)
Package pdftexcmds Info: LuaTeX not detected.
Package pdftexcmds Info: \pdf@primitive is available.
Package pdftexcmds Info: \pdf@ifprimitive is available.
Package pdftexcmds Info: \pdfdraftmode found.
)
Package epstopdf-base Info: Redefining graphics rule for `.eps' on input line 438.
Package grfext Info: Graphics extension search list:
(grfext)             [.pdf,.png,.jpg,.mps,.jpeg,.jbig2,.jb2,.PDF,.PNG,.JPG,.JPEG,.JBIG2,.JB2,.eps]
(grfext)             \AppendGraphicsExtensions on input line 456.
)
*geometry* driver: auto-detecting
*geometry* detected driver: pdftex
*geometry* verbose mode - [ preamble ] result:
* driver: pdftex
* paper: <default>
* layout: <same size as paper>
* layoutoffset:(h,v)=(0.0pt,0.0pt)
* modes: 
* h-part:(L,W,R)=(72.26999pt, 469.75502pt, 72.26999pt)
* v-part:(T,H,B)=(72.26999pt, 650.43001pt, 72.26999pt)
* \paperwidth=614.295pt
* \paperheight=794.96999pt
* \textwidth=469.75502pt
* \textheight=650.43001pt
* \oddsidemargin=0.0pt
* \evensidemargin=0.0pt
* \topmargin=-37.0pt
* \headheight=12.0pt
* \headsep=25.0pt
* \topskip=12.0pt
* \footskip=30.0pt
* \marginparwidth=44.0pt
* \marginparsep=10.0pt
* \columnsep=10.0pt
* \skip\footins=10.8pt plus 4.0pt minus 2.0pt
* \hoffset=0.0pt
* \voffset=0.0pt
* \mag=1000
* \@twocolumnfalse
* \@twosidefalse
* \@mparswitchfalse
* \@reversemarginfalse
* (1in=72.27pt=25.4mm, 1cm=28.453pt)

LaTeX Font Info:    External font `cmex10' loaded for size
(Font)              <14.4> on input line 15.
LaTeX Font Info:    External font `cmex10' loaded for size
(Font)              <7> on input line 15.

Underfull \hbox (badness 10000) in paragraph at lines 26--35

 []

<./Pictures/TheReassembler.png, id=1, 729.47531pt x 411.03563pt>
File: ./Pictures/TheReassembler.png Graphic file (type png)
<use ./Pictures/TheReassembler.png>
Package pdftex.def Info: ./Pictures/TheReassembler.png  used on input line 38.
(pdftex.def)             Requested size: 352.31625pt x 198.51787pt.

LaTeX Warning: `h' float specifier changed to `ht'.


Underfull \hbox (badness 10000) in paragraph at lines 42--57

 []

[1

{C:/Users/matth/AppData/Local/MiKTeX/2.9/pdftex/config/pdftex.map}]
<./Pictures/PhoneFront.png, id=10, 722.7pt x 1284.8pt>
File: ./Pictures/PhoneFront.png Graphic file (type png)
<use ./Pictures/PhoneFront.png>
Package pdftex.def Info: ./Pictures/PhoneFront.png  used on input line 60.
(pdftex.def)             Requested size: 117.43875pt x 208.76772pt.
<./Pictures/PhoneSide.png, id=11, 722.7pt x 1284.8pt>
File: ./Pictures/PhoneSide.png Graphic file (type png)
<use ./Pictures/PhoneSide.png>
Package pdftex.def Info: ./Pictures/PhoneSide.png  used on input line 61.
(pdftex.def)             Requested size: 117.43875pt x 208.76772pt.
<./Pictures/PhoneBack.png, id=12, 722.7pt x 1284.8pt>
File: ./Pictures/PhoneBack.png Graphic file (type png)
<use ./Pictures/PhoneBack.png>
Package pdftex.def Info: ./Pictures/PhoneBack.png  used on input line 62.
(pdftex.def)             Requested size: 117.43875pt x 208.76772pt.
 [2 <./Pictures/TheReassembler.png> <./Pictures/PhoneFront.png> <./Pictures/PhoneSide.png> <./Pictures/PhoneBack.png>]
<./Pictures/PhoneBottom.png, id=17, 722.7pt x 1284.8pt>
File: ./Pictures/PhoneBottom.png Graphic file (type png)
<use ./Pictures/PhoneBottom.png>
Package pdftex.def Info: ./Pictures/PhoneBottom.png  used on input line 78.
(pdftex.def)             Requested size: 117.43875pt x 208.76772pt.

Underfull \hbox (badness 10000) in paragraph at lines 82--87

 []

<./Pictures/CircuitDiagram.png, id=18, 581.92406pt x 565.36218pt>
File: ./Pictures/CircuitDiagram.png Graphic file (type png)
<use ./Pictures/CircuitDiagram.png>
Package pdftex.def Info: ./Pictures/CircuitDiagram.png  used on input line 101.
(pdftex.def)             Requested size: 234.8775pt x 228.1854pt.

LaTeX Warning: `h' float specifier changed to `ht'.

<./Pictures/PhoneInside.png, id=19, 308.352pt x 173.448pt>
File: ./Pictures/PhoneInside.png Graphic file (type png)
<use ./Pictures/PhoneInside.png>
Package pdftex.def Info: ./Pictures/PhoneInside.png  used on input line 107.
(pdftex.def)             Requested size: 234.8775pt x 132.12091pt.

LaTeX Warning: `h' float specifier changed to `ht'.

[3 <./Pictures/PhoneBottom.png>] [4 <./Pictures/CircuitDiagram.png> <./Pictures/PhoneInside.png>]
<./Pictures/ActivityDiagram.png, id=27, 480.29437pt x 441.90094pt>
File: ./Pictures/ActivityDiagram.png Graphic file (type png)
<use ./Pictures/ActivityDiagram.png>
Package pdftex.def Info: ./Pictures/ActivityDiagram.png  used on input line 145.
(pdftex.def)             Requested size: 234.8775pt x 216.1018pt.
<./Pictures/ClassDiagram.png, id=28, 633.86812pt x 562.35094pt>
File: ./Pictures/ClassDiagram.png Graphic file (type png)
<use ./Pictures/ClassDiagram.png>
Package pdftex.def Info: ./Pictures/ClassDiagram.png  used on input line 151.
(pdftex.def)             Requested size: 352.31625pt x 312.57182pt.


LaTeX Warning: `h' float specifier changed to `ht'.

<./Pictures/SequenceDiagram.png, id=29, 586.44093pt x 569.12625pt>
File: ./Pictures/SequenceDiagram.png Graphic file (type png)
<use ./Pictures/SequenceDiagram.png>
Package pdftex.def Info: ./Pictures/SequenceDiagram.png  used on input line 157.
(pdftex.def)             Requested size: 234.8775pt x 227.94173pt.

LaTeX Warning: `h' float specifier changed to `ht'.

<./Pictures/StateDiagram.png, id=30, 434.37282pt x 406.51875pt>
File: ./Pictures/StateDiagram.png Graphic file (type png)
<use ./Pictures/StateDiagram.png>
Package pdftex.def Info: ./Pictures/StateDiagram.png  used on input line 163.
(pdftex.def)             Requested size: 234.8775pt x 219.82079pt.

LaTeX Warning: `h' float specifier changed to `ht'.

<./Pictures/UseCaseDiagram.png, id=31, 414.04688pt x 411.03563pt>
File: ./Pictures/UseCaseDiagram.png Graphic file (type png)
<use ./Pictures/UseCaseDiagram.png>
Package pdftex.def Info: ./Pictures/UseCaseDiagram.png  used on input line 169.
(pdftex.def)             Requested size: 234.8775pt x 233.17635pt.

LaTeX Warning: `h' float specifier changed to `ht'.

[5 <./Pictures/ActivityDiagram.png>] [6 <./Pictures/ClassDiagram.png> <./Pictures/SequenceDiagram.png>] [7 <./Pictures/StateDiagram.png> <./Pictures/UseCaseDiagram.png>] [8

] (d:/COMP140\Docs\Report\report.aux) ) 
Here is how much of TeX's memory you used:
 1985 strings out of 492895
 29021 string characters out of 3138151
 100152 words of memory out of 3000000
 5888 multiletter control sequences out of 15000+200000
 6063 words of font info for 22 fonts, out of 3000000 for 9000
 1141 hyphenation exceptions out of 8191
 41i,6n,32p,310b,222s stack positions out of 5000i,500n,10000p,200000b,50000s
<D:/Programs/LaTeX/fonts/type1/public/amsfonts/cm/cmbx12.pfb><D:/Programs/LaTeX/fonts/type1/public/amsfonts/cm/cmr12.pfb><D:/Programs/LaTeX/fonts/type1/public/amsfonts/cm/cmr17.pfb>
Output written on d:/COMP140\Docs\Report\report.pdf (8 pages, 9060089 bytes).
PDF statistics:
 56 PDF objects out of 1000 (max. 8388607)
 0 named destinations out of 1000 (max. 500000)
 61 words of extra memory for PDF output out of 10000 (max. 10000000)

